<?xml version="1.0" encoding="UTF-8"?>
<!-- Generated by org.testng.reporters.JUnitXMLReporter -->
<testsuite ignored="0" hostname="GOVARDHANREDDY1997" failures="4" tests="8" name="Test" time="87.014" errors="0" timestamp="2023-12-07T16:04:11 IST">
  <testcase classname="com.empire.qa.testcases.LoginpageTest" name="VerifyEhomeLoginImageTest" time="0.058"/>
  <testcase classname="com.empire.qa.testcases.LoginpageTest" name="VerifyEhomeLoginPageTest" time="0.605"/>
  <testcase classname="com.empire.qa.testcases.LoginpageTest" name="VerifyLoginpageTitleTest" time="0.011">
    <failure type="java.lang.AssertionError" message="expected [Empire Home Admin Panelgopi] but found [Empire Home Admin Panel]">
      <![CDATA[java.lang.AssertionError: expected [Empire Home Admin Panelgopi] but found [Empire Home Admin Panel]
at com.empire.qa.testcases.LoginpageTest.VerifyLoginpageTitleTest(LoginpageTest.java:31)
at java.base/java.util.ArrayList.forEach(ArrayList.java:1511)
... Removed 33 stack frames]]>
    </failure>
  </testcase> <!-- VerifyLoginpageTitleTest -->
  <testcase classname="com.empire.qa.testcases.HomePageTest" name="VerifyEhomePageTitleTest" time="0.008">
    <failure type="java.lang.AssertionError" message="expected [Empire Home Admin Panelgova] but found [Empire Home Admin Panel]">
      <![CDATA[java.lang.AssertionError: expected [Empire Home Admin Panelgova] but found [Empire Home Admin Panel]
at com.empire.qa.testcases.HomePageTest.VerifyEhomePageTitleTest(HomePageTest.java:33)
at java.base/java.util.ArrayList.forEach(ArrayList.java:1511)
... Removed 33 stack frames]]>
    </failure>
  </testcase> <!-- VerifyEhomePageTitleTest -->
  <testcase classname="com.empire.qa.testcases.HomePageTest" name="VerifyHomepageDashboardTest" time="6.389"/>
  <testcase classname="com.empire.qa.testcases.AddInventoryTest" name="VerifyAddInventoryPageTest" time="20.727">
    <failure type="org.openqa.selenium.NoSuchElementException" message="Cannot locate option with text: bedroom
For documentation on this error, please visit: https://www.selenium.dev/documentation/webdriver/troubleshooting/errors#no-such-element-exception
Build info: version: &amp;apos;4.15.0&amp;apos;, revision: &amp;apos;1d14b5521b&amp;apos;
System info: os.name: &amp;apos;Windows 11&amp;apos;, os.arch: &amp;apos;amd64&amp;apos;, os.version: &amp;apos;10.0&amp;apos;, java.version: &amp;apos;17.0.2&amp;apos;
Driver info: driver.version: unknown">
      <![CDATA[org.openqa.selenium.NoSuchElementException: Cannot locate option with text: bedroom
For documentation on this error, please visit: https://www.selenium.dev/documentation/webdriver/troubleshooting/errors#no-such-element-exception
Build info: version: '4.15.0', revision: '1d14b5521b'
System info: os.name: 'Windows 11', os.arch: 'amd64', os.version: '10.0', java.version: '17.0.2'
Driver info: driver.version: unknown
at org.openqa.selenium.support.ui.Select.selectByVisibleText(Select.java:153)
at com.empire.qa.utils.UtilsTest.DropdownMethod(UtilsTest.java:38)
at com.empire.qa.pages.AddInventoryPage.VerifyAddInventoryPage(AddInventoryPage.java:70)
at com.empire.qa.testcases.AddInventoryTest.VerifyAddInventoryPageTest(AddInventoryTest.java:55)
at java.base/java.util.ArrayList.forEach(ArrayList.java:1511)
... Removed 27 stack frames]]>
    </failure>
  </testcase> <!-- VerifyAddInventoryPageTest -->
  <testcase classname="com.empire.qa.testcases.AddInventoryTest" name="VerifyAddInventoryPageTest" time="20.099">
    <failure type="org.openqa.selenium.NoSuchElementException" message="Cannot locate option with text: bedroom
For documentation on this error, please visit: https://www.selenium.dev/documentation/webdriver/troubleshooting/errors#no-such-element-exception
Build info: version: &amp;apos;4.15.0&amp;apos;, revision: &amp;apos;1d14b5521b&amp;apos;
System info: os.name: &amp;apos;Windows 11&amp;apos;, os.arch: &amp;apos;amd64&amp;apos;, os.version: &amp;apos;10.0&amp;apos;, java.version: &amp;apos;17.0.2&amp;apos;
Driver info: driver.version: unknown">
      <![CDATA[org.openqa.selenium.NoSuchElementException: Cannot locate option with text: bedroom
For documentation on this error, please visit: https://www.selenium.dev/documentation/webdriver/troubleshooting/errors#no-such-element-exception
Build info: version: '4.15.0', revision: '1d14b5521b'
System info: os.name: 'Windows 11', os.arch: 'amd64', os.version: '10.0', java.version: '17.0.2'
Driver info: driver.version: unknown
at org.openqa.selenium.support.ui.Select.selectByVisibleText(Select.java:153)
at com.empire.qa.utils.UtilsTest.DropdownMethod(UtilsTest.java:38)
at com.empire.qa.pages.AddInventoryPage.VerifyAddInventoryPage(AddInventoryPage.java:70)
at com.empire.qa.testcases.AddInventoryTest.VerifyAddInventoryPageTest(AddInventoryTest.java:55)
at java.base/java.util.ArrayList.forEach(ArrayList.java:1511)
... Removed 27 stack frames]]>
    </failure>
  </testcase> <!-- VerifyAddInventoryPageTest -->
  <testcase classname="com.empire.qa.testcases.AddInventoryTest" name="VerifyAddInventorypageTitleTest" time="0.009"/>
</testsuite> <!-- Test -->
