<!DOCTYPE html PUBLIC "-//W3C//DTD XHTML 1.1//EN" "https://www.w3.org/TR/xhtml11/DTD/xhtml11.dtd">
<html xmlns="https://www.w3.org/1999/xhtml">
<head>
<meta http-equiv="content-type" content="text/html; charset=UTF-8"/>
<title>TestNG Report</title>
<style type="text/css">table {margin-bottom:10px;border-collapse:collapse;empty-cells:show}th,td {border:1px solid #009;padding:.25em .5em}th {vertical-align:bottom}td {vertical-align:top}table a {font-weight:bold}.stripe td {background-color: #E6EBF9}.num {text-align:right}.passedodd td {background-color: #3F3}.passedeven td {background-color: #0A0}.skippedodd td {background-color: #DDD}.skippedeven td {background-color: #CCC}.failedodd td,.attn {background-color: #F33}.failedeven td,.stripe .attn {background-color: #D00}.stacktrace {white-space:pre;font-family:monospace}.totop {font-size:85%;text-align:center;border-bottom:2px solid #000}.invisible {display:none}</style>
</head>
<body>
<table>
<tr><th>Test</th><th># Passed</th><th># Skipped</th><th># Retried</th><th># Failed</th><th>Time (ms)</th><th>Included Groups</th><th>Excluded Groups</th></tr>
<tr><th colspan="8">Suite</th></tr>
<tr><td><a href="#t0">Test</a></td><td class="num">4</td><td class="num">0</td><td class="num">0</td><td class="num attn">4</td><td class="num">87,014</td><td></td><td></td></tr>
</table>
<table id='summary'><thead><tr><th>Class</th><th>Method</th><th>Start</th><th>Time (ms)</th></tr></thead><tbody><tr><th colspan="4">Suite</th></tr></tbody><tbody id="t0"><tr><th colspan="4">Test &#8212; failed</th></tr><tr class="failedeven"><td rowspan="2">com.empire.qa.testcases.AddInventoryTest</td><td><a href="#m0">VerifyAddInventoryPageTest</a></td><td rowspan="2">1701945222788</td><td rowspan="2">20099</td></tr><tr class="failedeven"><td><a href="#m1">VerifyAddInventoryPageTest</a></td></tr><tr class="failedodd"><td rowspan="1">com.empire.qa.testcases.HomePageTest</td><td><a href="#m2">VerifyEhomePageTitleTest</a></td><td rowspan="1">1701945173079</td><td rowspan="1">8</td></tr><tr class="failedeven"><td rowspan="1">com.empire.qa.testcases.LoginpageTest</td><td><a href="#m3">VerifyLoginpageTitleTest</a></td><td rowspan="1">1701945170777</td><td rowspan="1">11</td></tr><tr><th colspan="4">Test &#8212; passed</th></tr><tr class="passedeven"><td rowspan="1">com.empire.qa.testcases.AddInventoryTest</td><td><a href="#m4">VerifyAddInventorypageTitleTest</a></td><td rowspan="1">1701945251446</td><td rowspan="1">9</td></tr><tr class="passedodd"><td rowspan="1">com.empire.qa.testcases.HomePageTest</td><td><a href="#m5">VerifyHomepageDashboardTest</a></td><td rowspan="1">1701945175674</td><td rowspan="1">6389</td></tr><tr class="passedeven"><td rowspan="2">com.empire.qa.testcases.LoginpageTest</td><td><a href="#m6">VerifyEhomeLoginImageTest</a></td><td rowspan="1">1701945166842</td><td rowspan="1">58</td></tr><tr class="passedeven"><td><a href="#m7">VerifyEhomeLoginPageTest</a></td><td rowspan="1">1701945168452</td><td rowspan="1">605</td></tr></tbody>
</table>
<h2>Test</h2><h3 id="m0">com.empire.qa.testcases.AddInventoryTest#VerifyAddInventoryPageTest</h3><table class="result"><tr class="param"><th>Parameter #1</th><th>Parameter #2</th><th>Parameter #3</th><th>Parameter #4</th><th>Parameter #5</th><th>Parameter #6</th><th>Parameter #7</th><th>Parameter #8</th><th>Parameter #9</th></tr><tr class="param stripe"><td>EMP005</td><td>Good comfortable</td><td>sleepy bed</td><td>5</td><td>9.4</td><td>3.6</td><td>Pink</td><td>8574</td><td>25</td></tr><tr><th colspan="9">Exception</th></tr><tr><td colspan="9"><div class="stacktrace">org.openqa.selenium.NoSuchElementException: Cannot locate option with text: bedroom
For documentation on this error, please visit: https://www.selenium.dev/documentation/webdriver/troubleshooting/errors#no-such-element-exception
Build info: version: &apos;4.15.0&apos;, revision: &apos;1d14b5521b&apos;
System info: os.name: &apos;Windows 11&apos;, os.arch: &apos;amd64&apos;, os.version: &apos;10.0&apos;, java.version: &apos;17.0.2&apos;
Driver info: driver.version: unknown
	at org.openqa.selenium.support.ui.Select.selectByVisibleText(Select.java:153)
	at com.empire.qa.utils.UtilsTest.DropdownMethod(UtilsTest.java:38)
	at com.empire.qa.pages.AddInventoryPage.VerifyAddInventoryPage(AddInventoryPage.java:70)
	at com.empire.qa.testcases.AddInventoryTest.VerifyAddInventoryPageTest(AddInventoryTest.java:55)
	at java.base/java.util.ArrayList.forEach(ArrayList.java:1511)
... Removed 27 stack frames</div></td></tr></table><p class="totop"><a href="#summary">back to summary</a></p>
<h3 id="m1">com.empire.qa.testcases.AddInventoryTest#VerifyAddInventoryPageTest</h3><table class="result"><tr class="param"><th>Parameter #1</th><th>Parameter #2</th><th>Parameter #3</th><th>Parameter #4</th><th>Parameter #5</th><th>Parameter #6</th><th>Parameter #7</th><th>Parameter #8</th><th>Parameter #9</th></tr><tr class="param stripe"><td>EMP001</td><td>Good Bed</td><td>Happy Sleep</td><td>3.8</td><td>4.7</td><td>4.5</td><td>Red</td><td>14000</td><td>4</td></tr><tr><th colspan="9">Exception</th></tr><tr><td colspan="9"><div class="stacktrace">org.openqa.selenium.NoSuchElementException: Cannot locate option with text: bedroom
For documentation on this error, please visit: https://www.selenium.dev/documentation/webdriver/troubleshooting/errors#no-such-element-exception
Build info: version: &apos;4.15.0&apos;, revision: &apos;1d14b5521b&apos;
System info: os.name: &apos;Windows 11&apos;, os.arch: &apos;amd64&apos;, os.version: &apos;10.0&apos;, java.version: &apos;17.0.2&apos;
Driver info: driver.version: unknown
	at org.openqa.selenium.support.ui.Select.selectByVisibleText(Select.java:153)
	at com.empire.qa.utils.UtilsTest.DropdownMethod(UtilsTest.java:38)
	at com.empire.qa.pages.AddInventoryPage.VerifyAddInventoryPage(AddInventoryPage.java:70)
	at com.empire.qa.testcases.AddInventoryTest.VerifyAddInventoryPageTest(AddInventoryTest.java:55)
	at java.base/java.util.ArrayList.forEach(ArrayList.java:1511)
... Removed 27 stack frames</div></td></tr></table><p class="totop"><a href="#summary">back to summary</a></p>
<h3 id="m2">com.empire.qa.testcases.HomePageTest#VerifyEhomePageTitleTest</h3><table class="result"><tr><th>Exception</th></tr><tr><td><div class="stacktrace">java.lang.AssertionError: expected [Empire Home Admin Panelgova] but found [Empire Home Admin Panel]
	at com.empire.qa.testcases.HomePageTest.VerifyEhomePageTitleTest(HomePageTest.java:33)
	at java.base/java.util.ArrayList.forEach(ArrayList.java:1511)
... Removed 33 stack frames</div></td></tr></table><p class="totop"><a href="#summary">back to summary</a></p>
<h3 id="m3">com.empire.qa.testcases.LoginpageTest#VerifyLoginpageTitleTest</h3><table class="result"><tr><th>Exception</th></tr><tr><td><div class="stacktrace">java.lang.AssertionError: expected [Empire Home Admin Panelgopi] but found [Empire Home Admin Panel]
	at com.empire.qa.testcases.LoginpageTest.VerifyLoginpageTitleTest(LoginpageTest.java:31)
	at java.base/java.util.ArrayList.forEach(ArrayList.java:1511)
... Removed 33 stack frames</div></td></tr></table><p class="totop"><a href="#summary">back to summary</a></p>
<h3 id="m4">com.empire.qa.testcases.AddInventoryTest#VerifyAddInventorypageTitleTest</h3><table class="result"><tr><th class="invisible"/></tr></table><p class="totop"><a href="#summary">back to summary</a></p>
<h3 id="m5">com.empire.qa.testcases.HomePageTest#VerifyHomepageDashboardTest</h3><table class="result"><tr><th class="invisible"/></tr></table><p class="totop"><a href="#summary">back to summary</a></p>
<h3 id="m6">com.empire.qa.testcases.LoginpageTest#VerifyEhomeLoginImageTest</h3><table class="result"><tr><th class="invisible"/></tr></table><p class="totop"><a href="#summary">back to summary</a></p>
<h3 id="m7">com.empire.qa.testcases.LoginpageTest#VerifyEhomeLoginPageTest</h3><table class="result"><tr><th class="invisible"/></tr></table><p class="totop"><a href="#summary">back to summary</a></p>
</body>
</html>
